mode: atomic
github.com/react-go-quick-starter/server/internal/model/user.go:29.32,36.2 1 2
github.com/react-go-quick-starter/server/internal/repository/cache.go:16.64,18.2 1 10
github.com/react-go-quick-starter/server/internal/repository/cache.go:22.111,23.21 1 3
github.com/react-go-quick-starter/server/internal/repository/cache.go:23.21,25.3 1 1
github.com/react-go-quick-starter/server/internal/repository/cache.go:26.2,27.49 2 2
github.com/react-go-quick-starter/server/internal/repository/cache.go:30.95,31.21 1 5
github.com/react-go-quick-starter/server/internal/repository/cache.go:31.21,33.3 1 1
github.com/react-go-quick-starter/server/internal/repository/cache.go:34.2,36.16 3 4
github.com/react-go-quick-starter/server/internal/repository/cache.go:36.16,38.3 1 3
github.com/react-go-quick-starter/server/internal/repository/cache.go:39.2,39.17 1 1
github.com/react-go-quick-starter/server/internal/repository/cache.go:42.88,43.21 1 2
github.com/react-go-quick-starter/server/internal/repository/cache.go:43.21,45.3 1 1
github.com/react-go-quick-starter/server/internal/repository/cache.go:46.2,47.37 2 1
github.com/react-go-quick-starter/server/internal/repository/cache.go:52.100,53.21 1 2
github.com/react-go-quick-starter/server/internal/repository/cache.go:53.21,55.3 1 1
github.com/react-go-quick-starter/server/internal/repository/cache.go:56.2,57.47 2 1
github.com/react-go-quick-starter/server/internal/repository/cache.go:62.88,63.21 1 3
github.com/react-go-quick-starter/server/internal/repository/cache.go:63.21,65.3 1 1
github.com/react-go-quick-starter/server/internal/repository/cache.go:66.2,68.16 3 2
github.com/react-go-quick-starter/server/internal/repository/cache.go:68.16,70.3 1 0
github.com/react-go-quick-starter/server/internal/repository/cache.go:71.2,71.24 1 2
github.com/react-go-quick-starter/server/internal/repository/user_repo.go:23.49,25.2 1 13
github.com/react-go-quick-starter/server/internal/repository/user_repo.go:27.78,28.17 1 3
github.com/react-go-quick-starter/server/internal/repository/user_repo.go:28.17,30.3 1 1
github.com/react-go-quick-starter/server/internal/repository/user_repo.go:31.2,36.16 3 2
github.com/react-go-quick-starter/server/internal/repository/user_repo.go:36.16,38.3 1 1
github.com/react-go-quick-starter/server/internal/repository/user_repo.go:39.2,39.12 1 1
github.com/react-go-quick-starter/server/internal/repository/user_repo.go:42.93,43.17 1 3
github.com/react-go-quick-starter/server/internal/repository/user_repo.go:43.17,45.3 1 1
github.com/react-go-quick-starter/server/internal/repository/user_repo.go:46.2,51.16 4 2
github.com/react-go-quick-starter/server/internal/repository/user_repo.go:51.16,53.3 1 1
github.com/react-go-quick-starter/server/internal/repository/user_repo.go:54.2,54.18 1 1
github.com/react-go-quick-starter/server/internal/repository/user_repo.go:57.90,58.17 1 3
github.com/react-go-quick-starter/server/internal/repository/user_repo.go:58.17,60.3 1 1
github.com/react-go-quick-starter/server/internal/repository/user_repo.go:61.2,66.16 4 2
github.com/react-go-quick-starter/server/internal/repository/user_repo.go:66.16,68.3 1 1
github.com/react-go-quick-starter/server/internal/repository/user_repo.go:69.2,69.18 1 1
github.com/react-go-quick-starter/server/internal/repository/user_repo.go:72.91,73.17 1 3
github.com/react-go-quick-starter/server/internal/repository/user_repo.go:73.17,75.3 1 1
github.com/react-go-quick-starter/server/internal/repository/user_repo.go:76.2,78.16 3 2
github.com/react-go-quick-starter/server/internal/repository/user_repo.go:78.16,80.3 1 1
github.com/react-go-quick-starter/server/internal/repository/user_repo.go:81.2,81.12 1 1
github.com/react-go-quick-starter/server/internal/middleware/jwt.go:26.81,27.54 1 7
github.com/react-go-quick-starter/server/internal/middleware/jwt.go:27.54,28.37 1 7
github.com/react-go-quick-starter/server/internal/middleware/jwt.go:28.37,30.69 2 7
github.com/react-go-quick-starter/server/internal/middleware/jwt.go:30.69,32.5 1 2
github.com/react-go-quick-starter/server/internal/middleware/jwt.go:34.4,37.96 3 5
github.com/react-go-quick-starter/server/internal/middleware/jwt.go:37.96,38.56 1 5
github.com/react-go-quick-starter/server/internal/middleware/jwt.go:38.56,40.6 1 0
github.com/react-go-quick-starter/server/internal/middleware/jwt.go:41.5,41.31 1 5
github.com/react-go-quick-starter/server/internal/middleware/jwt.go:44.4,44.34 1 5
github.com/react-go-quick-starter/server/internal/middleware/jwt.go:44.34,46.5 1 2
github.com/react-go-quick-starter/server/internal/middleware/jwt.go:49.4,50.18 2 3
github.com/react-go-quick-starter/server/internal/middleware/jwt.go:50.18,52.5 1 1
github.com/react-go-quick-starter/server/internal/middleware/jwt.go:53.4,53.19 1 2
github.com/react-go-quick-starter/server/internal/middleware/jwt.go:53.19,55.5 1 1
github.com/react-go-quick-starter/server/internal/middleware/jwt.go:57.4,58.18 2 1
github.com/react-go-quick-starter/server/internal/middleware/jwt.go:64.57,66.26 2 3
github.com/react-go-quick-starter/server/internal/middleware/jwt.go:66.26,68.3 1 2
github.com/react-go-quick-starter/server/internal/middleware/jwt.go:69.2,69.20 1 1
github.com/react-go-quick-starter/server/internal/server/routes.go:14.120,41.2 16 8
github.com/react-go-quick-starter/server/internal/server/server.go:21.58,23.2 1 2
github.com/react-go-quick-starter/server/internal/server/server.go:25.76,32.29 6 10
github.com/react-go-quick-starter/server/internal/server/server.go:32.29,34.3 1 1
github.com/react-go-quick-starter/server/internal/server/server.go:34.8,36.3 1 9
github.com/react-go-quick-starter/server/internal/server/server.go:39.2,49.83 3 10
github.com/react-go-quick-starter/server/internal/server/server.go:49.83,50.22 1 8
github.com/react-go-quick-starter/server/internal/server/server.go:50.22,54.5 1 1
github.com/react-go-quick-starter/server/internal/server/server.go:54.10,58.5 1 7
github.com/react-go-quick-starter/server/internal/server/server.go:59.4,59.14 1 8
github.com/react-go-quick-starter/server/internal/server/server.go:62.2,80.10 5 10
github.com/react-go-quick-starter/server/internal/handler/auth.go:20.92,22.2 1 19
github.com/react-go-quick-starter/server/internal/handler/auth.go:24.54,26.36 2 5
github.com/react-go-quick-starter/server/internal/handler/auth.go:26.36,28.3 1 1
github.com/react-go-quick-starter/server/internal/handler/auth.go:29.2,29.40 1 4
github.com/react-go-quick-starter/server/internal/handler/auth.go:29.40,31.3 1 1
github.com/react-go-quick-starter/server/internal/handler/auth.go:33.2,34.16 2 3
github.com/react-go-quick-starter/server/internal/handler/auth.go:34.16,35.52 1 1
github.com/react-go-quick-starter/server/internal/handler/auth.go:35.52,37.4 1 1
github.com/react-go-quick-starter/server/internal/handler/auth.go:38.3,38.101 1 0
github.com/react-go-quick-starter/server/internal/handler/auth.go:41.2,41.41 1 2
github.com/react-go-quick-starter/server/internal/handler/auth.go:44.51,46.36 2 5
github.com/react-go-quick-starter/server/internal/handler/auth.go:46.36,48.3 1 1
github.com/react-go-quick-starter/server/internal/handler/auth.go:49.2,49.40 1 4
github.com/react-go-quick-starter/server/internal/handler/auth.go:49.40,51.3 1 1
github.com/react-go-quick-starter/server/internal/handler/auth.go:53.2,54.16 2 3
github.com/react-go-quick-starter/server/internal/handler/auth.go:54.16,55.52 1 2
github.com/react-go-quick-starter/server/internal/handler/auth.go:55.52,57.4 1 2
github.com/react-go-quick-starter/server/internal/handler/auth.go:58.3,58.94 1 0
github.com/react-go-quick-starter/server/internal/handler/auth.go:61.2,61.36 1 1
github.com/react-go-quick-starter/server/internal/handler/auth.go:64.53,66.36 2 4
github.com/react-go-quick-starter/server/internal/handler/auth.go:66.36,68.3 1 1
github.com/react-go-quick-starter/server/internal/handler/auth.go:69.2,69.40 1 3
github.com/react-go-quick-starter/server/internal/handler/auth.go:69.40,71.3 1 1
github.com/react-go-quick-starter/server/internal/handler/auth.go:73.2,74.16 2 2
github.com/react-go-quick-starter/server/internal/handler/auth.go:74.16,75.46 1 1
github.com/react-go-quick-starter/server/internal/handler/auth.go:75.46,77.4 1 1
github.com/react-go-quick-starter/server/internal/handler/auth.go:78.3,78.102 1 0
github.com/react-go-quick-starter/server/internal/handler/auth.go:81.2,81.36 1 1
github.com/react-go-quick-starter/server/internal/handler/auth.go:84.52,86.16 2 4
github.com/react-go-quick-starter/server/internal/handler/auth.go:86.16,88.3 1 1
github.com/react-go-quick-starter/server/internal/handler/auth.go:91.2,92.19 2 3
github.com/react-go-quick-starter/server/internal/handler/auth.go:92.19,94.3 1 1
github.com/react-go-quick-starter/server/internal/handler/auth.go:96.2,96.102 1 3
github.com/react-go-quick-starter/server/internal/handler/auth.go:96.102,98.3 1 1
github.com/react-go-quick-starter/server/internal/handler/auth.go:100.2,100.87 1 2
github.com/react-go-quick-starter/server/internal/handler/auth.go:103.51,105.16 2 2
github.com/react-go-quick-starter/server/internal/handler/auth.go:105.16,107.3 1 1
github.com/react-go-quick-starter/server/internal/handler/auth.go:109.2,112.4 1 1
github.com/react-go-quick-starter/server/internal/handler/errors.go:14.56,15.28 1 5
github.com/react-go-quick-starter/server/internal/handler/errors.go:15.28,17.3 1 1
github.com/react-go-quick-starter/server/internal/handler/errors.go:19.2,24.25 4 4
github.com/react-go-quick-starter/server/internal/handler/errors.go:24.25,27.3 2 1
github.com/react-go-quick-starter/server/internal/handler/errors.go:30.2,31.25 2 4
github.com/react-go-quick-starter/server/internal/handler/errors.go:31.25,33.39 2 2
github.com/react-go-quick-starter/server/internal/handler/errors.go:33.39,35.4 1 1
github.com/react-go-quick-starter/server/internal/handler/errors.go:38.2,38.69 1 4
github.com/react-go-quick-starter/server/internal/handler/health.go:17.78,19.2 1 2
github.com/react-go-quick-starter/server/internal/handler/health.go:21.54,26.2 1 1
github.com/react-go-quick-starter/server/internal/handler/health.go:28.56,37.2 1 1
github.com/react-go-quick-starter/server/internal/handler/ws.go:18.48,20.2 1 7
github.com/react-go-quick-starter/server/internal/handler/ws.go:22.52,25.17 2 6
github.com/react-go-quick-starter/server/internal/handler/ws.go:25.17,27.47 2 4
github.com/react-go-quick-starter/server/internal/handler/ws.go:27.47,29.4 1 2
github.com/react-go-quick-starter/server/internal/handler/ws.go:32.2,32.17 1 6
github.com/react-go-quick-starter/server/internal/handler/ws.go:32.17,34.3 1 2
github.com/react-go-quick-starter/server/internal/handler/ws.go:37.2,37.69 1 4
github.com/react-go-quick-starter/server/internal/handler/ws.go:37.69,38.54 1 2
github.com/react-go-quick-starter/server/internal/handler/ws.go:38.54,40.4 1 0
github.com/react-go-quick-starter/server/internal/handler/ws.go:41.3,41.34 1 2
github.com/react-go-quick-starter/server/internal/handler/ws.go:43.2,43.16 1 4
github.com/react-go-quick-starter/server/internal/handler/ws.go:43.16,45.3 1 2
github.com/react-go-quick-starter/server/internal/handler/ws.go:47.2,47.45 1 2
github.com/react-go-quick-starter/server/internal/handler/ws.go:47.45,49.7 2 2
github.com/react-go-quick-starter/server/internal/handler/ws.go:49.7,51.62 2 4
github.com/react-go-quick-starter/server/internal/handler/ws.go:51.62,52.10 1 2
github.com/react-go-quick-starter/server/internal/handler/ws.go:54.4,55.60 2 2
github.com/react-go-quick-starter/server/internal/handler/ws.go:55.60,56.10 1 0
github.com/react-go-quick-starter/server/internal/handler/ws.go:61.2,61.12 1 2
github.com/react-go-quick-starter/server/internal/service/auth_service.go:48.106,50.2 1 14
github.com/react-go-quick-starter/server/internal/service/auth_service.go:53.110,56.50 2 8
github.com/react-go-quick-starter/server/internal/service/auth_service.go:56.50,58.3 1 1
github.com/react-go-quick-starter/server/internal/service/auth_service.go:59.2,59.21 1 7
github.com/react-go-quick-starter/server/internal/service/auth_service.go:59.21,61.3 1 1
github.com/react-go-quick-starter/server/internal/service/auth_service.go:64.2,65.16 2 6
github.com/react-go-quick-starter/server/internal/service/auth_service.go:65.16,67.3 1 0
github.com/react-go-quick-starter/server/internal/service/auth_service.go:69.2,76.53 2 6
github.com/react-go-quick-starter/server/internal/service/auth_service.go:76.53,78.3 1 1
github.com/react-go-quick-starter/server/internal/service/auth_service.go:80.2,80.33 1 5
github.com/react-go-quick-starter/server/internal/service/auth_service.go:84.104,86.16 2 4
github.com/react-go-quick-starter/server/internal/service/auth_service.go:86.16,87.36 1 2
github.com/react-go-quick-starter/server/internal/service/auth_service.go:87.36,89.4 1 1
github.com/react-go-quick-starter/server/internal/service/auth_service.go:90.3,90.46 1 1
github.com/react-go-quick-starter/server/internal/service/auth_service.go:93.2,93.99 1 2
github.com/react-go-quick-starter/server/internal/service/auth_service.go:93.99,95.3 1 1
github.com/react-go-quick-starter/server/internal/service/auth_service.go:97.2,97.33 1 1
github.com/react-go-quick-starter/server/internal/service/auth_service.go:101.102,104.98 2 3
github.com/react-go-quick-starter/server/internal/service/auth_service.go:104.98,105.54 1 2
github.com/react-go-quick-starter/server/internal/service/auth_service.go:105.54,107.4 1 0
github.com/react-go-quick-starter/server/internal/service/auth_service.go:108.3,108.38 1 2
github.com/react-go-quick-starter/server/internal/service/auth_service.go:110.2,110.32 1 3
github.com/react-go-quick-starter/server/internal/service/auth_service.go:110.32,112.3 1 1
github.com/react-go-quick-starter/server/internal/service/auth_service.go:115.2,116.42 2 2
github.com/react-go-quick-starter/server/internal/service/auth_service.go:116.42,118.3 1 1
github.com/react-go-quick-starter/server/internal/service/auth_service.go:121.2,122.16 2 1
github.com/react-go-quick-starter/server/internal/service/auth_service.go:122.16,124.3 1 0
github.com/react-go-quick-starter/server/internal/service/auth_service.go:125.2,126.16 2 1
github.com/react-go-quick-starter/server/internal/service/auth_service.go:126.16,128.3 1 0
github.com/react-go-quick-starter/server/internal/service/auth_service.go:131.2,133.33 2 1
github.com/react-go-quick-starter/server/internal/service/auth_service.go:137.107,139.77 1 2
github.com/react-go-quick-starter/server/internal/service/auth_service.go:139.77,141.3 1 1
github.com/react-go-quick-starter/server/internal/service/auth_service.go:143.2,144.12 2 1
github.com/react-go-quick-starter/server/internal/service/auth_service.go:148.103,165.16 6 7
github.com/react-go-quick-starter/server/internal/service/auth_service.go:165.16,167.3 1 0
github.com/react-go-quick-starter/server/internal/service/auth_service.go:170.2,182.16 4 7
github.com/react-go-quick-starter/server/internal/service/auth_service.go:182.16,184.3 1 0
github.com/react-go-quick-starter/server/internal/service/auth_service.go:187.2,187.100 1 7
github.com/react-go-quick-starter/server/internal/service/auth_service.go:187.100,189.3 1 1
github.com/react-go-quick-starter/server/internal/service/auth_service.go:191.2,195.8 1 6
github.com/react-go-quick-starter/server/pkg/database/migrate.go:15.64,17.16 2 2
github.com/react-go-quick-starter/server/pkg/database/migrate.go:17.16,19.3 1 0
github.com/react-go-quick-starter/server/pkg/database/migrate.go:21.2,22.16 2 2
github.com/react-go-quick-starter/server/pkg/database/migrate.go:22.16,24.3 1 2
github.com/react-go-quick-starter/server/pkg/database/migrate.go:25.2,25.15 1 0
github.com/react-go-quick-starter/server/pkg/database/migrate.go:25.15,27.20 2 0
github.com/react-go-quick-starter/server/pkg/database/migrate.go:27.20,29.4 1 0
github.com/react-go-quick-starter/server/pkg/database/migrate.go:30.3,30.19 1 0
github.com/react-go-quick-starter/server/pkg/database/migrate.go:30.19,32.4 1 0
github.com/react-go-quick-starter/server/pkg/database/migrate.go:35.2,35.71 1 0
github.com/react-go-quick-starter/server/pkg/database/migrate.go:35.71,37.3 1 0
github.com/react-go-quick-starter/server/pkg/database/migrate.go:39.2,40.12 2 0
github.com/react-go-quick-starter/server/pkg/database/postgres.go:11.60,12.22 1 3
github.com/react-go-quick-starter/server/pkg/database/postgres.go:12.22,14.3 1 1
github.com/react-go-quick-starter/server/pkg/database/postgres.go:16.2,17.16 2 2
github.com/react-go-quick-starter/server/pkg/database/postgres.go:17.16,19.3 1 1
github.com/react-go-quick-starter/server/pkg/database/postgres.go:21.2,22.16 2 1
github.com/react-go-quick-starter/server/pkg/database/postgres.go:22.16,24.3 1 0
github.com/react-go-quick-starter/server/pkg/database/postgres.go:26.2,26.56 1 1
github.com/react-go-quick-starter/server/pkg/database/postgres.go:26.56,28.3 1 1
github.com/react-go-quick-starter/server/pkg/database/postgres.go:30.2,30.18 1 0
github.com/react-go-quick-starter/server/pkg/database/redis.go:10.55,12.16 2 3
github.com/react-go-quick-starter/server/pkg/database/redis.go:12.16,14.3 1 1
github.com/react-go-quick-starter/server/pkg/database/redis.go:16.2,17.64 2 2
github.com/react-go-quick-starter/server/pkg/database/redis.go:17.64,19.3 1 1
github.com/react-go-quick-starter/server/pkg/database/redis.go:21.2,21.20 1 1
github.com/react-go-quick-starter/server/internal/config/config.go:22.21,43.28 15 3
github.com/react-go-quick-starter/server/internal/config/config.go:43.28,45.3 1 9
github.com/react-go-quick-starter/server/internal/config/config.go:47.2,56.3 1 3
